<?xml version="1.0" encoding="UTF-8"?>
<testsuite name="com.example.testingweb.HttpRequestTest" tests="1" skipped="0" failures="0" errors="0" timestamp="2022-10-21T05:13:45" hostname="LAPTOP-A1QLAO7C" time="0.798">
  <properties/>
  <testcase name="greetingShouldReturnDefaultMessage()" classname="com.example.testingweb.HttpRequestTest" time="0.798"/>
  <system-out><![CDATA[00:13:41.188 [Test worker] DEBUG org.springframework.test.context.BootstrapUtils - Instantiating CacheAwareContextLoaderDelegate from class [org.springframework.test.context.cache.DefaultCacheAwareContextLoaderDelegate]
00:13:41.222 [Test worker] DEBUG org.springframework.test.context.BootstrapUtils - Instantiating BootstrapContext using constructor [public org.springframework.test.context.support.DefaultBootstrapContext(java.lang.Class,org.springframework.test.context.CacheAwareContextLoaderDelegate)]
00:13:41.289 [Test worker] DEBUG org.springframework.test.context.BootstrapUtils - Instantiating TestContextBootstrapper for test class [com.example.testingweb.HttpRequestTest] from class [org.springframework.boot.test.context.SpringBootTestContextBootstrapper]
00:13:41.308 [Test worker] INFO org.springframework.boot.test.context.SpringBootTestContextBootstrapper - Neither @ContextConfiguration nor @ContextHierarchy found for test class [com.example.testingweb.HttpRequestTest], using SpringBootContextLoader
00:13:41.320 [Test worker] DEBUG org.springframework.test.context.support.AbstractContextLoader - Did not detect default resource location for test class [com.example.testingweb.HttpRequestTest]: class path resource [com/example/testingweb/HttpRequestTest-context.xml] does not exist
00:13:41.321 [Test worker] DEBUG org.springframework.test.context.support.AbstractContextLoader - Did not detect default resource location for test class [com.example.testingweb.HttpRequestTest]: class path resource [com/example/testingweb/HttpRequestTestContext.groovy] does not exist
00:13:41.321 [Test worker] INFO org.springframework.test.context.support.AbstractContextLoader - Could not detect default resource locations for test class [com.example.testingweb.HttpRequestTest]: no resource found for suffixes {-context.xml, Context.groovy}.
00:13:41.323 [Test worker] INFO org.springframework.test.context.support.AnnotationConfigContextLoaderUtils - Could not detect default configuration classes for test class [com.example.testingweb.HttpRequestTest]: HttpRequestTest does not declare any static, non-private, non-final, nested classes annotated with @Configuration.
00:13:41.404 [Test worker] DEBUG org.springframework.test.context.support.ActiveProfilesUtils - Could not find an 'annotation declaring class' for annotation type [org.springframework.test.context.ActiveProfiles] and class [com.example.testingweb.HttpRequestTest]
00:13:41.578 [Test worker] DEBUG org.springframework.context.annotation.ClassPathScanningCandidateComponentProvider - Identified candidate component class: file [C:\workspace\vscode_features\build\classes\java\main\com\example\testingweb\TestingWebApplication.class]
00:13:41.581 [Test worker] INFO org.springframework.boot.test.context.SpringBootTestContextBootstrapper - Found @SpringBootConfiguration com.example.testingweb.TestingWebApplication for test class com.example.testingweb.HttpRequestTest
00:13:41.738 [Test worker] DEBUG org.springframework.boot.test.context.SpringBootTestContextBootstrapper - @TestExecutionListeners is not present for class [com.example.testingweb.HttpRequestTest]: using defaults.
00:13:41.739 [Test worker] INFO org.springframework.boot.test.context.SpringBootTestContextBootstrapper - Loaded default TestExecutionListener class names from location [META-INF/spring.factories]: [org.springframework.boot.test.autoconfigure.restdocs.RestDocsTestExecutionListener, org.springframework.boot.test.autoconfigure.web.client.MockRestServiceServerResetTestExecutionListener, org.springframework.boot.test.autoconfigure.web.servlet.MockMvcPrintOnlyOnFailureTestExecutionListener, org.springframework.boot.test.autoconfigure.web.servlet.WebDriverTestExecutionListener, org.springframework.boot.test.autoconfigure.webservices.client.MockWebServiceServerTestExecutionListener, org.springframework.boot.test.mock.mockito.MockitoTestExecutionListener, org.springframework.boot.test.mock.mockito.ResetMocksTestExecutionListener, org.springframework.test.context.web.ServletTestExecutionListener, org.springframework.test.context.support.DirtiesContextBeforeModesTestExecutionListener, org.springframework.test.context.event.ApplicationEventsTestExecutionListener, org.springframework.test.context.support.DependencyInjectionTestExecutionListener, org.springframework.test.context.support.DirtiesContextTestExecutionListener, org.springframework.test.context.transaction.TransactionalTestExecutionListener, org.springframework.test.context.jdbc.SqlScriptsTestExecutionListener, org.springframework.test.context.event.EventPublishingTestExecutionListener]
00:13:41.755 [Test worker] DEBUG org.springframework.boot.test.context.SpringBootTestContextBootstrapper - Skipping candidate TestExecutionListener [org.springframework.test.context.transaction.TransactionalTestExecutionListener] due to a missing dependency. Specify custom listener classes or make the default listener classes and their required dependencies available. Offending class: [org/springframework/transaction/interceptor/TransactionAttributeSource]
00:13:41.755 [Test worker] DEBUG org.springframework.boot.test.context.SpringBootTestContextBootstrapper - Skipping candidate TestExecutionListener [org.springframework.test.context.jdbc.SqlScriptsTestExecutionListener] due to a missing dependency. Specify custom listener classes or make the default listener classes and their required dependencies available. Offending class: [org/springframework/transaction/interceptor/TransactionAttribute]
00:13:41.756 [Test worker] INFO org.springframework.boot.test.context.SpringBootTestContextBootstrapper - Using TestExecutionListeners: [org.springframework.test.context.web.ServletTestExecutionListener@6e16b8b5, org.springframework.test.context.support.DirtiesContextBeforeModesTestExecutionListener@43b4fe19, org.springframework.test.context.event.ApplicationEventsTestExecutionListener@25ddbbbb, org.springframework.boot.test.mock.mockito.MockitoTestExecutionListener@1536602f, org.springframework.boot.test.autoconfigure.SpringBootDependencyInjectionTestExecutionListener@4ebea12c, org.springframework.test.context.support.DirtiesContextTestExecutionListener@2a1edad4, org.springframework.test.context.event.EventPublishingTestExecutionListener@6256ac4f, org.springframework.boot.test.autoconfigure.restdocs.RestDocsTestExecutionListener@44c79f32, org.springframework.boot.test.autoconfigure.web.client.MockRestServiceServerResetTestExecutionListener@7fcbe147, org.springframework.boot.test.autoconfigure.web.servlet.MockMvcPrintOnlyOnFailureTestExecutionListener@235f4c10, org.springframework.boot.test.autoconfigure.web.servlet.WebDriverTestExecutionListener@743cb8e0, org.springframework.boot.test.autoconfigure.webservices.client.MockWebServiceServerTestExecutionListener@c7a975a, org.springframework.boot.test.mock.mockito.ResetMocksTestExecutionListener@2c1b9e4b]
00:13:41.762 [Test worker] DEBUG org.springframework.test.context.support.AbstractDirtiesContextTestExecutionListener - Before test class: context [DefaultTestContext@1a1da881 testClass = HttpRequestTest, testInstance = [null], testMethod = [null], testException = [null], mergedContextConfiguration = [WebMergedContextConfiguration@5b970f7 testClass = HttpRequestTest, locations = '{}', classes = '{class com.example.testingweb.TestingWebApplication}', contextInitializerClasses = '[]', activeProfiles = '{}', propertySourceLocations = '{}', propertySourceProperties = '{org.springframework.boot.test.context.SpringBootTestContextBootstrapper=true, server.port=0}', contextCustomizers = set[org.springframework.boot.test.autoconfigure.actuate.metrics.MetricsExportContextCustomizerFactory$DisableMetricExportContextCustomizer@74bada02, org.springframework.boot.test.autoconfigure.properties.PropertyMappingContextCustomizer@0, org.springframework.boot.test.autoconfigure.web.servlet.WebDriverContextCustomizerFactory$Customizer@22d7b4f8, org.springframework.boot.test.context.filter.ExcludeFilterContextCustomizer@2c1156a7, org.springframework.boot.test.json.DuplicateJsonObjectContextCustomizerFactory$DuplicateJsonObjectContextCustomizer@691939c9, org.springframework.boot.test.mock.mockito.MockitoContextCustomizer@0, org.springframework.boot.test.web.client.TestRestTemplateContextCustomizer@2445445a, org.springframework.boot.test.context.SpringBootTestArgs@1, org.springframework.boot.test.context.SpringBootTestWebEnvironment@27ff5d15], resourceBasePath = 'src/main/webapp', contextLoader = 'org.springframework.boot.test.context.SpringBootContextLoader', parent = [null]], attributes = map['org.springframework.test.context.web.ServletTestExecutionListener.activateListener' -> false]], class annotated with @DirtiesContext [false] with mode [null].
00:13:41.786 [Test worker] DEBUG org.springframework.test.context.support.DependencyInjectionTestExecutionListener - Performing dependency injection for test context [[DefaultTestContext@1a1da881 testClass = HttpRequestTest, testInstance = com.example.testingweb.HttpRequestTest@533b266e, testMethod = [null], testException = [null], mergedContextConfiguration = [WebMergedContextConfiguration@5b970f7 testClass = HttpRequestTest, locations = '{}', classes = '{class com.example.testingweb.TestingWebApplication}', contextInitializerClasses = '[]', activeProfiles = '{}', propertySourceLocations = '{}', propertySourceProperties = '{org.springframework.boot.test.context.SpringBootTestContextBootstrapper=true, server.port=0}', contextCustomizers = set[org.springframework.boot.test.autoconfigure.actuate.metrics.MetricsExportContextCustomizerFactory$DisableMetricExportContextCustomizer@74bada02, org.springframework.boot.test.autoconfigure.properties.PropertyMappingContextCustomizer@0, org.springframework.boot.test.autoconfigure.web.servlet.WebDriverContextCustomizerFactory$Customizer@22d7b4f8, org.springframework.boot.test.context.filter.ExcludeFilterContextCustomizer@2c1156a7, org.springframework.boot.test.json.DuplicateJsonObjectContextCustomizerFactory$DuplicateJsonObjectContextCustomizer@691939c9, org.springframework.boot.test.mock.mockito.MockitoContextCustomizer@0, org.springframework.boot.test.web.client.TestRestTemplateContextCustomizer@2445445a, org.springframework.boot.test.context.SpringBootTestArgs@1, org.springframework.boot.test.context.SpringBootTestWebEnvironment@27ff5d15], resourceBasePath = 'src/main/webapp', contextLoader = 'org.springframework.boot.test.context.SpringBootContextLoader', parent = [null]], attributes = map['org.springframework.test.context.web.ServletTestExecutionListener.activateListener' -> false, 'org.springframework.test.context.event.ApplicationEventsTestExecutionListener.recordApplicationEvents' -> false]]].

  .   ____          _            __ _ _
 /\\ / ___'_ __ _ _(_)_ __  __ _ \ \ \ \
( ( )\___ | '_ | '_| | '_ \/ _` | \ \ \ \
 \\/  ___)| |_)| | | | | || (_| |  ) ) ) )
  '  |____| .__|_| |_|_| |_\__, | / / / /
 =========|_|==============|___/=/_/_/_/
 :: Spring Boot ::                (v2.6.3)

2022-10-21 00:13:42.323  INFO 20144 --- [    Test worker] com.example.testingweb.HttpRequestTest   : Starting HttpRequestTest using Java 17.0.4 on LAPTOP-A1QLAO7C with PID 20144 (started by d9577 in C:\workspace\vscode_features)
2022-10-21 00:13:42.325  INFO 20144 --- [    Test worker] com.example.testingweb.HttpRequestTest   : No active profile set, falling back to default profiles: default
2022-10-21 00:13:44.090  INFO 20144 --- [    Test worker] o.s.b.w.embedded.tomcat.TomcatWebServer  : Tomcat initialized with port(s): 0 (http)
2022-10-21 00:13:44.106  INFO 20144 --- [    Test worker] o.apache.catalina.core.StandardService   : Starting service [Tomcat]
2022-10-21 00:13:44.107  INFO 20144 --- [    Test worker] org.apache.catalina.core.StandardEngine  : Starting Servlet engine: [Apache Tomcat/9.0.56]
2022-10-21 00:13:44.245  INFO 20144 --- [    Test worker] o.a.c.c.C.[Tomcat].[localhost].[/]       : Initializing Spring embedded WebApplicationContext
2022-10-21 00:13:44.246  INFO 20144 --- [    Test worker] w.s.c.ServletWebServerApplicationContext : Root WebApplicationContext: initialization completed in 1862 ms
2022-10-21 00:13:45.148  INFO 20144 --- [    Test worker] o.s.b.w.embedded.tomcat.TomcatWebServer  : Tomcat started on port(s): 52794 (http) with context path ''
2022-10-21 00:13:45.160  INFO 20144 --- [    Test worker] com.example.testingweb.HttpRequestTest   : Started HttpRequestTest in 3.333 seconds (JVM running for 5.273)
2022-10-21 00:13:45.835  INFO 20144 --- [o-auto-1-exec-1] o.a.c.c.C.[Tomcat].[localhost].[/]       : Initializing Spring DispatcherServlet 'dispatcherServlet'
2022-10-21 00:13:45.835  INFO 20144 --- [o-auto-1-exec-1] o.s.web.servlet.DispatcherServlet        : Initializing Servlet 'dispatcherServlet'
2022-10-21 00:13:45.837  INFO 20144 --- [o-auto-1-exec-1] o.s.web.servlet.DispatcherServlet        : Completed initialization in 2 ms
]]></system-out>
  <system-err><![CDATA[]]></system-err>
</testsuite>
