<?xml version="1.0" encoding="UTF-8"?>
<testsuite name="com.example.testingweb.SmokeTest" tests="1" skipped="0" failures="0" errors="0" timestamp="2022-10-21T05:13:46" hostname="LAPTOP-A1QLAO7C" time="0.007">
  <properties/>
  <testcase name="contextLoads()" classname="com.example.testingweb.SmokeTest" time="0.007"/>
  <system-out><![CDATA[2022-10-21 00:13:45.978  INFO 20144 --- [    Test worker] .b.t.c.SpringBootTestContextBootstrapper : Neither @ContextConfiguration nor @ContextHierarchy found for test class [com.example.testingweb.SmokeTest], using SpringBootContextLoader
2022-10-21 00:13:45.979  INFO 20144 --- [    Test worker] o.s.t.c.support.AbstractContextLoader    : Could not detect default resource locations for test class [com.example.testingweb.SmokeTest]: no resource found for suffixes {-context.xml, Context.groovy}.
2022-10-21 00:13:45.979  INFO 20144 --- [    Test worker] t.c.s.AnnotationConfigContextLoaderUtils : Could not detect default configuration classes for test class [com.example.testingweb.SmokeTest]: SmokeTest does not declare any static, non-private, non-final, nested classes annotated with @Configuration.
2022-10-21 00:13:45.982  INFO 20144 --- [    Test worker] .b.t.c.SpringBootTestContextBootstrapper : Found @SpringBootConfiguration com.example.testingweb.TestingWebApplication for test class com.example.testingweb.SmokeTest
2022-10-21 00:13:45.986  INFO 20144 --- [    Test worker] .b.t.c.SpringBootTestContextBootstrapper : Loaded default TestExecutionListener class names from location [META-INF/spring.factories]: [org.springframework.boot.test.autoconfigure.restdocs.RestDocsTestExecutionListener, org.springframework.boot.test.autoconfigure.web.client.MockRestServiceServerResetTestExecutionListener, org.springframework.boot.test.autoconfigure.web.servlet.MockMvcPrintOnlyOnFailureTestExecutionListener, org.springframework.boot.test.autoconfigure.web.servlet.WebDriverTestExecutionListener, org.springframework.boot.test.autoconfigure.webservices.client.MockWebServiceServerTestExecutionListener, org.springframework.boot.test.mock.mockito.MockitoTestExecutionListener, org.springframework.boot.test.mock.mockito.ResetMocksTestExecutionListener, org.springframework.test.context.web.ServletTestExecutionListener, org.springframework.test.context.support.DirtiesContextBeforeModesTestExecutionListener, org.springframework.test.context.event.ApplicationEventsTestExecutionListener, org.springframework.test.context.support.DependencyInjectionTestExecutionListener, org.springframework.test.context.support.DirtiesContextTestExecutionListener, org.springframework.test.context.transaction.TransactionalTestExecutionListener, org.springframework.test.context.jdbc.SqlScriptsTestExecutionListener, org.springframework.test.context.event.EventPublishingTestExecutionListener]
2022-10-21 00:13:45.990  INFO 20144 --- [    Test worker] .b.t.c.SpringBootTestContextBootstrapper : Using TestExecutionListeners: [org.springframework.test.context.web.ServletTestExecutionListener@721fc2e3, org.springframework.test.context.support.DirtiesContextBeforeModesTestExecutionListener@63187d63, org.springframework.test.context.event.ApplicationEventsTestExecutionListener@1ccdc7aa, org.springframework.boot.test.mock.mockito.MockitoTestExecutionListener@1a536164, org.springframework.boot.test.autoconfigure.SpringBootDependencyInjectionTestExecutionListener@1657b017, org.springframework.test.context.support.DirtiesContextTestExecutionListener@368424db, org.springframework.test.context.event.EventPublishingTestExecutionListener@44864536, org.springframework.boot.test.autoconfigure.restdocs.RestDocsTestExecutionListener@455f4483, org.springframework.boot.test.autoconfigure.web.client.MockRestServiceServerResetTestExecutionListener@6e239337, org.springframework.boot.test.autoconfigure.web.servlet.MockMvcPrintOnlyOnFailureTestExecutionListener@7996d0d4, org.springframework.boot.test.autoconfigure.web.servlet.WebDriverTestExecutionListener@fcf9525, org.springframework.boot.test.autoconfigure.webservices.client.MockWebServiceServerTestExecutionListener@300bb303, org.springframework.boot.test.mock.mockito.ResetMocksTestExecutionListener@4243341e]

  .   ____          _            __ _ _
 /\\ / ___'_ __ _ _(_)_ __  __ _ \ \ \ \
( ( )\___ | '_ | '_| | '_ \/ _` | \ \ \ \
 \\/  ___)| |_)| | | | | || (_| |  ) ) ) )
  '  |____| .__|_| |_|_| |_\__, | / / / /
 =========|_|==============|___/=/_/_/_/
 :: Spring Boot ::                (v2.6.3)

2022-10-21 00:13:46.041  INFO 20144 --- [    Test worker] com.example.testingweb.SmokeTest         : Starting SmokeTest using Java 17.0.4 on LAPTOP-A1QLAO7C with PID 20144 (started by d9577 in C:\workspace\vscode_features)
2022-10-21 00:13:46.041  INFO 20144 --- [    Test worker] com.example.testingweb.SmokeTest         : No active profile set, falling back to default profiles: default
2022-10-21 00:13:46.778  INFO 20144 --- [    Test worker] com.example.testingweb.SmokeTest         : Started SmokeTest in 0.779 seconds (JVM running for 6.891)
]]></system-out>
  <system-err><![CDATA[]]></system-err>
</testsuite>
