<?xml version="1.0" encoding="UTF-8"?>
<testsuite name="com.example.testingweb.WebMockTest" tests="1" skipped="0" failures="0" errors="0" timestamp="2022-10-21T05:13:49" hostname="LAPTOP-A1QLAO7C" time="0.034">
  <properties/>
  <testcase name="greetingShouldReturnMessageFromService()" classname="com.example.testingweb.WebMockTest" time="0.034"/>
  <system-out><![CDATA[2022-10-21 00:13:48.505  INFO 20144 --- [    Test worker] .b.t.a.w.s.WebMvcTestContextBootstrapper : Neither @ContextConfiguration nor @ContextHierarchy found for test class [com.example.testingweb.WebMockTest], using SpringBootContextLoader
2022-10-21 00:13:48.506  INFO 20144 --- [    Test worker] o.s.t.c.support.AbstractContextLoader    : Could not detect default resource locations for test class [com.example.testingweb.WebMockTest]: no resource found for suffixes {-context.xml, Context.groovy}.
2022-10-21 00:13:48.506  INFO 20144 --- [    Test worker] t.c.s.AnnotationConfigContextLoaderUtils : Could not detect default configuration classes for test class [com.example.testingweb.WebMockTest]: WebMockTest does not declare any static, non-private, non-final, nested classes annotated with @Configuration.
2022-10-21 00:13:48.523  INFO 20144 --- [    Test worker] .b.t.c.SpringBootTestContextBootstrapper : Found @SpringBootConfiguration com.example.testingweb.TestingWebApplication for test class com.example.testingweb.WebMockTest
2022-10-21 00:13:48.525  INFO 20144 --- [    Test worker] .b.t.a.w.s.WebMvcTestContextBootstrapper : Loaded default TestExecutionListener class names from location [META-INF/spring.factories]: [org.springframework.boot.test.autoconfigure.restdocs.RestDocsTestExecutionListener, org.springframework.boot.test.autoconfigure.web.client.MockRestServiceServerResetTestExecutionListener, org.springframework.boot.test.autoconfigure.web.servlet.MockMvcPrintOnlyOnFailureTestExecutionListener, org.springframework.boot.test.autoconfigure.web.servlet.WebDriverTestExecutionListener, org.springframework.boot.test.autoconfigure.webservices.client.MockWebServiceServerTestExecutionListener, org.springframework.boot.test.mock.mockito.MockitoTestExecutionListener, org.springframework.boot.test.mock.mockito.ResetMocksTestExecutionListener, org.springframework.test.context.web.ServletTestExecutionListener, org.springframework.test.context.support.DirtiesContextBeforeModesTestExecutionListener, org.springframework.test.context.event.ApplicationEventsTestExecutionListener, org.springframework.test.context.support.DependencyInjectionTestExecutionListener, org.springframework.test.context.support.DirtiesContextTestExecutionListener, org.springframework.test.context.transaction.TransactionalTestExecutionListener, org.springframework.test.context.jdbc.SqlScriptsTestExecutionListener, org.springframework.test.context.event.EventPublishingTestExecutionListener]
2022-10-21 00:13:48.527  INFO 20144 --- [    Test worker] .b.t.a.w.s.WebMvcTestContextBootstrapper : Using TestExecutionListeners: [org.springframework.test.context.web.ServletTestExecutionListener@165aa43a, org.springframework.test.context.support.DirtiesContextBeforeModesTestExecutionListener@22cd8ec2, org.springframework.test.context.event.ApplicationEventsTestExecutionListener@7d977a20, org.springframework.boot.test.mock.mockito.MockitoTestExecutionListener@35ab4260, org.springframework.boot.test.autoconfigure.SpringBootDependencyInjectionTestExecutionListener@76134b9b, org.springframework.test.context.support.DirtiesContextTestExecutionListener@38667005, org.springframework.test.context.event.EventPublishingTestExecutionListener@7ee64b53, org.springframework.boot.test.autoconfigure.restdocs.RestDocsTestExecutionListener@1131aead, org.springframework.boot.test.autoconfigure.web.client.MockRestServiceServerResetTestExecutionListener@7d126083, org.springframework.boot.test.autoconfigure.web.servlet.MockMvcPrintOnlyOnFailureTestExecutionListener@76ffc17c, org.springframework.boot.test.autoconfigure.web.servlet.WebDriverTestExecutionListener@3a8fb023, org.springframework.boot.test.autoconfigure.webservices.client.MockWebServiceServerTestExecutionListener@26d73519, org.springframework.boot.test.mock.mockito.ResetMocksTestExecutionListener@48af5f38]

  .   ____          _            __ _ _
 /\\ / ___'_ __ _ _(_)_ __  __ _ \ \ \ \
( ( )\___ | '_ | '_| | '_ \/ _` | \ \ \ \
 \\/  ___)| |_)| | | | | || (_| |  ) ) ) )
  '  |____| .__|_| |_|_| |_\__, | / / / /
 =========|_|==============|___/=/_/_/_/
 :: Spring Boot ::                (v2.6.3)

2022-10-21 00:13:48.573  INFO 20144 --- [    Test worker] com.example.testingweb.WebMockTest       : Starting WebMockTest using Java 17.0.4 on LAPTOP-A1QLAO7C with PID 20144 (started by d9577 in C:\workspace\vscode_features)
2022-10-21 00:13:48.573  INFO 20144 --- [    Test worker] com.example.testingweb.WebMockTest       : No active profile set, falling back to default profiles: default
2022-10-21 00:13:49.221  INFO 20144 --- [    Test worker] o.s.b.t.m.w.SpringBootMockServletContext : Initializing Spring TestDispatcherServlet ''
2022-10-21 00:13:49.222  INFO 20144 --- [    Test worker] o.s.t.web.servlet.TestDispatcherServlet  : Initializing Servlet ''
2022-10-21 00:13:49.223  INFO 20144 --- [    Test worker] o.s.t.web.servlet.TestDispatcherServlet  : Completed initialization in 1 ms
2022-10-21 00:13:49.238  INFO 20144 --- [    Test worker] com.example.testingweb.WebMockTest       : Started WebMockTest in 0.701 seconds (JVM running for 9.352)

MockHttpServletRequest:
      HTTP Method = GET
      Request URI = /greeting
       Parameters = {}
          Headers = []
             Body = null
    Session Attrs = {}

Handler:
             Type = com.example.testingweb.GreetingController
           Method = com.example.testingweb.GreetingController#greeting()

Async:
    Async started = false
     Async result = null

Resolved Exception:
             Type = null

ModelAndView:
        View name = null
             View = null
            Model = null

FlashMap:
       Attributes = null

MockHttpServletResponse:
           Status = 200
    Error message = null
          Headers = [Content-Type:"text/plain;charset=UTF-8", Content-Length:"11"]
     Content type = text/plain;charset=UTF-8
             Body = Hello, Mock
    Forwarded URL = null
   Redirected URL = null
          Cookies = []
]]></system-out>
  <system-err><![CDATA[]]></system-err>
</testsuite>
